  AudioProcessorWin32App.cpp
C:\My Documents\DSPProjects\AudioProcessorWin32App\AudioProcessorWin32App\Settings.h(7,38): warning C4267: 'return': conversion from 'size_t' to 'int', possible loss of data
  (compiling source file 'AudioProcessorWin32App.cpp')
  
C:\My Documents\DSPProjects\AudioProcessorWin32App\AudioProcessorWin32App\AudioFile.h(1338,5): warning C4984: 'if constexpr' is a C++17 language extension
  (compiling source file 'AudioProcessorWin32App.cpp')
  
C:\My Documents\DSPProjects\AudioProcessorWin32App\AudioProcessorWin32App\AudioFile.h(1344,9): warning C4984: 'if constexpr' is a C++17 language extension
  (compiling source file 'AudioProcessorWin32App.cpp')
  
C:\My Documents\DSPProjects\AudioProcessorWin32App\AudioProcessorWin32App\AudioFile.h(1355,5): warning C4984: 'if constexpr' is a C++17 language extension
  (compiling source file 'AudioProcessorWin32App.cpp')
  
C:\My Documents\DSPProjects\AudioProcessorWin32App\AudioProcessorWin32App\AudioFile.h(1360,9): warning C4984: 'if constexpr' is a C++17 language extension
  (compiling source file 'AudioProcessorWin32App.cpp')
  
C:\My Documents\DSPProjects\AudioProcessorWin32App\AudioProcessorWin32App\AudioFile.h(1376,9): warning C4984: 'if constexpr' is a C++17 language extension
  (compiling source file 'AudioProcessorWin32App.cpp')
  
C:\My Documents\DSPProjects\AudioProcessorWin32App\AudioProcessorWin32App\AudioFile.h(1387,5): warning C4984: 'if constexpr' is a C++17 language extension
  (compiling source file 'AudioProcessorWin32App.cpp')
  
C:\My Documents\DSPProjects\AudioProcessorWin32App\AudioProcessorWin32App\AudioFile.h(1393,9): warning C4984: 'if constexpr' is a C++17 language extension
  (compiling source file 'AudioProcessorWin32App.cpp')
  
C:\My Documents\DSPProjects\AudioProcessorWin32App\AudioProcessorWin32App\AudioFile.h(1404,5): warning C4984: 'if constexpr' is a C++17 language extension
  (compiling source file 'AudioProcessorWin32App.cpp')
  
C:\My Documents\DSPProjects\AudioProcessorWin32App\AudioProcessorWin32App\AudioFile.h(1411,9): warning C4984: 'if constexpr' is a C++17 language extension
  (compiling source file 'AudioProcessorWin32App.cpp')
  
C:\My Documents\DSPProjects\AudioProcessorWin32App\AudioProcessorWin32App\AudioFile.h(1422,5): warning C4984: 'if constexpr' is a C++17 language extension
  (compiling source file 'AudioProcessorWin32App.cpp')
  
C:\My Documents\DSPProjects\AudioProcessorWin32App\AudioProcessorWin32App\AudioFile.h(1426,10): warning C4984: 'if constexpr' is a C++17 language extension
  (compiling source file 'AudioProcessorWin32App.cpp')
  
C:\My Documents\DSPProjects\AudioProcessorWin32App\AudioProcessorWin32App\AudioFile.h(1428,9): warning C4984: 'if constexpr' is a C++17 language extension
  (compiling source file 'AudioProcessorWin32App.cpp')
  
C:\My Documents\DSPProjects\AudioProcessorWin32App\AudioProcessorWin32App\AudioFile.h(1439,5): warning C4984: 'if constexpr' is a C++17 language extension
  (compiling source file 'AudioProcessorWin32App.cpp')
  
C:\My Documents\DSPProjects\AudioProcessorWin32App\AudioProcessorWin32App\AudioFile.h(1446,9): warning C4984: 'if constexpr' is a C++17 language extension
  (compiling source file 'AudioProcessorWin32App.cpp')
  
C:\My Documents\DSPProjects\AudioProcessorWin32App\AudioProcessorWin32App\AudioFile.h(1457,5): warning C4984: 'if constexpr' is a C++17 language extension
  (compiling source file 'AudioProcessorWin32App.cpp')
  
C:\My Documents\DSPProjects\AudioProcessorWin32App\AudioProcessorWin32App\AudioFile.h(1465,9): warning C4984: 'if constexpr' is a C++17 language extension
  (compiling source file 'AudioProcessorWin32App.cpp')
  
C:\My Documents\DSPProjects\AudioProcessorWin32App\AudioProcessorWin32App\AudioFile.h(1476,5): warning C4984: 'if constexpr' is a C++17 language extension
  (compiling source file 'AudioProcessorWin32App.cpp')
  
C:\My Documents\DSPProjects\AudioProcessorWin32App\AudioProcessorWin32App\AudioFile.h(1483,9): warning C4984: 'if constexpr' is a C++17 language extension
  (compiling source file 'AudioProcessorWin32App.cpp')
  
C:\My Documents\DSPProjects\AudioProcessorWin32App\AudioProcessorWin32App\AudioFile.h(1494,5): warning C4984: 'if constexpr' is a C++17 language extension
  (compiling source file 'AudioProcessorWin32App.cpp')
  
C:\My Documents\DSPProjects\AudioProcessorWin32App\AudioProcessorWin32App\AudioFile.h(1500,9): warning C4984: 'if constexpr' is a C++17 language extension
  (compiling source file 'AudioProcessorWin32App.cpp')
  
C:\My Documents\DSPProjects\AudioProcessorWin32App\AudioProcessorWin32App\AudioFile.h(1511,5): warning C4984: 'if constexpr' is a C++17 language extension
  (compiling source file 'AudioProcessorWin32App.cpp')
  
C:\My Documents\DSPProjects\AudioProcessorWin32App\AudioProcessorWin32App\AudioFile.h(1515,10): warning C4984: 'if constexpr' is a C++17 language extension
  (compiling source file 'AudioProcessorWin32App.cpp')
  
C:\My Documents\DSPProjects\AudioProcessorWin32App\AudioProcessorWin32App\AudioFile.h(1517,9): warning C4984: 'if constexpr' is a C++17 language extension
  (compiling source file 'AudioProcessorWin32App.cpp')
  
  AudioProcessorWin32App.vcxproj -> C:\My Documents\DSPProjects\AudioProcessorWin32App\x64\Debug\AudioProcessorWin32App.exe
